[01m[K/home/asdfr_cbl_08/ROS2-RELbot/src/setpoints_publisher/src/setpoints_publisher.cpp:[m[K In member function â€˜[01m[Kvoid SetpointsPublisher::light_pose_callback(const PointStamped&)[m[Kâ€™:
[01m[K/home/asdfr_cbl_08/ROS2-RELbot/src/setpoints_publisher/src/setpoints_publisher.cpp:23:3:[m[K [01;31m[Kerror: [m[Kâ€˜[01m[Kvel_setpoints[m[Kâ€™ was not declared in this scope
   23 |   [01;31m[Kvel_setpoints[m[K.x = right_motor_vel;
      |   [01;31m[K^~~~~~~~~~~~~[m[K
gmake[2]: *** [CMakeFiles/setpoints_publisher.dir/build.make:76: CMakeFiles/setpoints_publisher.dir/src/setpoints_publisher.cpp.o] Error 1
gmake[1]: *** [CMakeFiles/Makefile2:137: CMakeFiles/setpoints_publisher.dir/all] Error 2
gmake: *** [Makefile:146: all] Error 2
