[0.035s] Invoking command in '/home/asdfr_cbl_08/ROS2-RELbot/build/setpoints_publisher': CMAKE_PREFIX_PATH=${CMAKE_PREFIX_PATH}:/opt/ros/humble /usr/bin/cmake --build /home/asdfr_cbl_08/ROS2-RELbot/build/setpoints_publisher -- -j3 -l3
[0.144s] [35m[1mConsolidate compiler generated dependencies of target setpoints_publisher[0m
[0.522s] [ 50%] [32mBuilding CXX object CMakeFiles/setpoints_publisher.dir/src/setpoints_publisher.cpp.o[0m
[9.809s] [01m[K/home/asdfr_cbl_08/ROS2-RELbot/src/setpoints_publisher/src/setpoints_publisher.cpp:[m[K In member function â€˜[01m[Kvoid SetpointsPublisher::light_pose_callback(const PointStamped&)[m[Kâ€™:
[9.811s] [01m[K/home/asdfr_cbl_08/ROS2-RELbot/src/setpoints_publisher/src/setpoints_publisher.cpp:23:3:[m[K [01;31m[Kerror: [m[Kâ€˜[01m[Kvel_setpoints[m[Kâ€™ was not declared in this scope
[9.812s]    23 |   [01;31m[Kvel_setpoints[m[K.x = right_motor_vel;
[9.813s]       |   [01;31m[K^~~~~~~~~~~~~[m[K
[17.993s] gmake[2]: *** [CMakeFiles/setpoints_publisher.dir/build.make:76: CMakeFiles/setpoints_publisher.dir/src/setpoints_publisher.cpp.o] Error 1
[17.996s] gmake[1]: *** [CMakeFiles/Makefile2:137: CMakeFiles/setpoints_publisher.dir/all] Error 2
[17.999s] gmake: *** [Makefile:146: all] Error 2
[18.004s] Invoked command in '/home/asdfr_cbl_08/ROS2-RELbot/build/setpoints_publisher' returned '2': CMAKE_PREFIX_PATH=${CMAKE_PREFIX_PATH}:/opt/ros/humble /usr/bin/cmake --build /home/asdfr_cbl_08/ROS2-RELbot/build/setpoints_publisher -- -j3 -l3
