[0.043s] Invoking command in '/home/asdfr_cbl_08/ROS2-RELbot/build/setpoints_publisher': CMAKE_PREFIX_PATH=${CMAKE_PREFIX_PATH}:/opt/ros/humble /usr/bin/cmake --build /home/asdfr_cbl_08/ROS2-RELbot/build/setpoints_publisher -- -j3 -l3
[0.183s] [ 50%] [32mBuilding CXX object CMakeFiles/setpoints_publisher.dir/src/setpoints_publisher.cpp.o[0m
[10.239s] [01m[K/home/asdfr_cbl_08/ROS2-RELbot/src/setpoints_publisher/src/setpoints_publisher.cpp:[m[K In member function â€˜[01m[Kvoid SetpointsPublisher::light_pose_callback(const PointStamped&)[m[Kâ€™:
[10.240s] [01m[K/home/asdfr_cbl_08/ROS2-RELbot/src/setpoints_publisher/src/setpoints_publisher.cpp:18:46:[m[K [01;31m[Kerror: [m[Kâ€˜[01m[Kclass SetpointsPublisher[m[Kâ€™ has no member named â€˜[01m[Klight_pose[m[Kâ€™; did you mean â€˜[01m[Klight_pose_topic[m[Kâ€™?
[10.242s]    18 |   double x_difference = (double)(500 - this->[01;31m[Klight_pose[m[K.point.x); // TODO: to be changed
[10.243s]       |                                              [01;31m[K^~~~~~~~~~[m[K
[10.244s]       |                                              [32m[Klight_pose_topic[m[K
[10.267s] [01m[K/home/asdfr_cbl_08/ROS2-RELbot/src/setpoints_publisher/src/setpoints_publisher.cpp:23:3:[m[K [01;31m[Kerror: [m[Kâ€˜[01m[Kvel_setpoints[m[Kâ€™ was not declared in this scope
[10.268s]    23 |   [01;31m[Kvel_setpoints[m[K.x = right_motor_vel;
[10.271s]       |   [01;31m[K^~~~~~~~~~~~~[m[K
[10.273s] [01m[K/home/asdfr_cbl_08/ROS2-RELbot/src/setpoints_publisher/src/setpoints_publisher.cpp:16:45:[m[K [01;35m[Kwarning: [m[Kunused parameter â€˜[01m[Klight_pose[m[Kâ€™ [[01;35m[K]8;;https://gcc.gnu.org/onlinedocs/gcc/Warning-Options.html#index-Wunused-parameter-Wunused-parameter]8;;[m[K]
[10.275s]    16 |     [01;35m[Kconst geometry_msgs::msg::PointStamped &light_pose[m[K) {
[10.277s]       |     [01;35m[K~~~~~~~~~~~~~~~~~~~~~~~~~~~~~~~~~~~~~~~~^~~~~~~~~~[m[K
[18.665s] gmake[2]: *** [CMakeFiles/setpoints_publisher.dir/build.make:76: CMakeFiles/setpoints_publisher.dir/src/setpoints_publisher.cpp.o] Error 1
[18.668s] gmake[1]: *** [CMakeFiles/Makefile2:137: CMakeFiles/setpoints_publisher.dir/all] Error 2
[18.672s] gmake: *** [Makefile:146: all] Error 2
[18.678s] Invoked command in '/home/asdfr_cbl_08/ROS2-RELbot/build/setpoints_publisher' returned '2': CMAKE_PREFIX_PATH=${CMAKE_PREFIX_PATH}:/opt/ros/humble /usr/bin/cmake --build /home/asdfr_cbl_08/ROS2-RELbot/build/setpoints_publisher -- -j3 -l3
