[0.054s] Invoking command in '/home/asdfr_cbl_08/ROS2-RELbot/build/setpoints_publisher': /usr/bin/cmake --build /home/asdfr_cbl_08/ROS2-RELbot/build/setpoints_publisher -- -j3 -l3
[0.133s] -- Found ament_cmake: 1.3.8 (/opt/ros/humble/share/ament_cmake/cmake)
[0.782s] -- Found rclcpp: 16.0.8 (/opt/ros/humble/share/rclcpp/cmake)
[0.903s] -- Found rosidl_generator_c: 3.1.5 (/opt/ros/humble/share/rosidl_generator_c/cmake)
[0.913s] -- Found rosidl_adapter: 3.1.5 (/opt/ros/humble/share/rosidl_adapter/cmake)
[0.943s] -- Found rosidl_generator_cpp: 3.1.5 (/opt/ros/humble/share/rosidl_generator_cpp/cmake)
[0.996s] -- Using all available rosidl_typesupport_c: rosidl_typesupport_fastrtps_c;rosidl_typesupport_introspection_c
[1.067s] -- Using all available rosidl_typesupport_cpp: rosidl_typesupport_fastrtps_cpp;rosidl_typesupport_introspection_cpp
[1.347s] -- Found rmw_implementation_cmake: 6.1.1 (/opt/ros/humble/share/rmw_implementation_cmake/cmake)
[1.353s] -- Found rmw_fastrtps_cpp: 6.2.6 (/opt/ros/humble/share/rmw_fastrtps_cpp/cmake)
[1.923s] -- Using RMW implementation 'rmw_fastrtps_cpp' as default
[2.638s] -- Found geometry_msgs: 4.2.3 (/opt/ros/humble/share/geometry_msgs/cmake)
[2.803s] -- Found custom_msgs: 0.0.0 (/home/asdfr_cbl_08/xenomia4-framework/install/custom_msgs/share/custom_msgs/cmake)
[2.870s] -- Found ament_lint_auto: 0.12.10 (/opt/ros/humble/share/ament_lint_auto/cmake)
[3.135s] Error parsing '/home/asdfr_cbl_08/ROS2-RELbot/src/setpoints_publisher/package.xml':
[3.343s] Traceback (most recent call last):
[3.346s]   File "/usr/lib/python3/dist-packages/catkin_pkg/package.py", line 610, in parse_package_string
[3.349s]     root = dom.parseString(data)
[3.373s]   File "/usr/lib/python3.10/xml/dom/minidom.py", line 2000, in parseString
[3.386s]     return expatbuilder.parseString(string)
[3.394s]   File "/usr/lib/python3.10/xml/dom/expatbuilder.py", line 925, in parseString
[3.403s]     return builder.parseString(string)
[3.411s]   File "/usr/lib/python3.10/xml/dom/expatbuilder.py", line 223, in parseString
[3.421s]     parser.Parse(string, True)
[3.440s] xml.parsers.expat.ExpatError: mismatched tag: line 15, column 23
[3.457s] 
[3.468s] During handling of the above exception, another exception occurred:
[3.469s] 
[3.471s] Traceback (most recent call last):
[3.483s]   File "/opt/ros/humble/share/ament_cmake_core/cmake/core/package_xml_2_cmake.py", line 150, in <module>
[3.486s]     main()
[3.488s]   File "/opt/ros/humble/share/ament_cmake_core/cmake/core/package_xml_2_cmake.py", line 53, in main
[3.490s]     raise e
[3.494s]   File "/opt/ros/humble/share/ament_cmake_core/cmake/core/package_xml_2_cmake.py", line 49, in main
[3.495s]     package = parse_package_string(
[3.497s]   File "/usr/lib/python3/dist-packages/catkin_pkg/package.py", line 612, in parse_package_string
[3.498s]     raise InvalidPackage('The manifest contains invalid XML:\n%s' % ex, filename)
[3.501s] catkin_pkg.package.InvalidPackage: Error(s) in package '/home/asdfr_cbl_08/ROS2-RELbot/src/setpoints_publisher/package.xml':
[3.503s] The manifest contains invalid XML:
[3.505s] mismatched tag: line 15, column 23
[3.516s] [31mCMake Error at /opt/ros/humble/share/ament_cmake_core/cmake/core/ament_package_xml.cmake:95 (message):
[3.524s]   execute_process(/usr/bin/python3
[3.546s]   /opt/ros/humble/share/ament_cmake_core/cmake/core/package_xml_2_cmake.py
[3.556s]   /home/asdfr_cbl_08/ROS2-RELbot/src/setpoints_publisher/package.xml
[3.569s]   /home/asdfr_cbl_08/ROS2-RELbot/build/setpoints_publisher/ament_cmake_core/package.cmake)
[3.574s]   returned error code 1
[3.578s] Call Stack (most recent call first):
[3.580s]   /opt/ros/humble/share/ament_cmake_core/cmake/core/ament_package_xml.cmake:49 (_ament_package_xml)
[3.582s]   /opt/ros/humble/share/ament_lint_auto/cmake/ament_lint_auto_find_test_dependencies.cmake:31 (ament_package_xml)
[3.584s]   CMakeLists.txt:43 (ament_lint_auto_find_test_dependencies)
[3.585s] 
[3.587s] [0m
[3.598s] -- Configuring incomplete, errors occurred!
[3.599s] See also "/home/asdfr_cbl_08/ROS2-RELbot/build/setpoints_publisher/CMakeFiles/CMakeOutput.log".
[3.605s] gmake: *** [Makefile:267: cmake_check_build_system] Error 1
[3.606s] Invoked command in '/home/asdfr_cbl_08/ROS2-RELbot/build/setpoints_publisher' returned '2': /usr/bin/cmake --build /home/asdfr_cbl_08/ROS2-RELbot/build/setpoints_publisher -- -j3 -l3
