[0.036s] Invoking command in '/home/asdfr_cbl_08/ROS2-RELbot/build/setpoints_publisher': /usr/bin/cmake --build /home/asdfr_cbl_08/ROS2-RELbot/build/setpoints_publisher -- -j3 -l3
[0.098s] -- Found ament_cmake: 1.3.8 (/opt/ros/humble/share/ament_cmake/cmake)
[0.600s] -- Found rclcpp: 16.0.8 (/opt/ros/humble/share/rclcpp/cmake)
[0.705s] -- Found rosidl_generator_c: 3.1.5 (/opt/ros/humble/share/rosidl_generator_c/cmake)
[0.713s] -- Found rosidl_adapter: 3.1.5 (/opt/ros/humble/share/rosidl_adapter/cmake)
[0.732s] -- Found rosidl_generator_cpp: 3.1.5 (/opt/ros/humble/share/rosidl_generator_cpp/cmake)
[0.769s] -- Using all available rosidl_typesupport_c: rosidl_typesupport_fastrtps_c;rosidl_typesupport_introspection_c
[0.819s] -- Using all available rosidl_typesupport_cpp: rosidl_typesupport_fastrtps_cpp;rosidl_typesupport_introspection_cpp
[1.007s] -- Found rmw_implementation_cmake: 6.1.1 (/opt/ros/humble/share/rmw_implementation_cmake/cmake)
[1.011s] -- Found rmw_fastrtps_cpp: 6.2.6 (/opt/ros/humble/share/rmw_fastrtps_cpp/cmake)
[1.317s] -- Using RMW implementation 'rmw_fastrtps_cpp' as default
[1.849s] -- Found geometry_msgs: 4.2.3 (/opt/ros/humble/share/geometry_msgs/cmake)
[1.993s] -- Found custom_msgs: 0.0.0 (/home/asdfr_cbl_08/xenomia4-framework/install/custom_msgs/share/custom_msgs/cmake)
[2.044s] -- Found ament_lint_auto: 0.12.10 (/opt/ros/humble/share/ament_lint_auto/cmake)
[2.224s] Error parsing '/home/asdfr_cbl_08/ROS2-RELbot/src/setpoints_publisher/package.xml':
[2.379s] Traceback (most recent call last):
[2.381s]   File "/usr/lib/python3/dist-packages/catkin_pkg/package.py", line 610, in parse_package_string
[2.384s]     root = dom.parseString(data)
[2.386s]   File "/usr/lib/python3.10/xml/dom/minidom.py", line 2000, in parseString
[2.390s]     return expatbuilder.parseString(string)
[2.392s]   File "/usr/lib/python3.10/xml/dom/expatbuilder.py", line 925, in parseString
[2.395s]     return builder.parseString(string)
[2.397s]   File "/usr/lib/python3.10/xml/dom/expatbuilder.py", line 223, in parseString
[2.399s]     parser.Parse(string, True)
[2.401s] xml.parsers.expat.ExpatError: mismatched tag: line 15, column 23
[2.403s] 
[2.406s] During handling of the above exception, another exception occurred:
[2.408s] 
[2.410s] Traceback (most recent call last):
[2.414s]   File "/opt/ros/humble/share/ament_cmake_core/cmake/core/package_xml_2_cmake.py", line 150, in <module>
[2.417s]     main()
[2.419s]   File "/opt/ros/humble/share/ament_cmake_core/cmake/core/package_xml_2_cmake.py", line 53, in main
[2.422s]     raise e
[2.424s]   File "/opt/ros/humble/share/ament_cmake_core/cmake/core/package_xml_2_cmake.py", line 49, in main
[2.426s]     package = parse_package_string(
[2.428s]   File "/usr/lib/python3/dist-packages/catkin_pkg/package.py", line 612, in parse_package_string
[2.430s]     raise InvalidPackage('The manifest contains invalid XML:\n%s' % ex, filename)
[2.431s] catkin_pkg.package.InvalidPackage: Error(s) in package '/home/asdfr_cbl_08/ROS2-RELbot/src/setpoints_publisher/package.xml':
[2.433s] The manifest contains invalid XML:
[2.435s] mismatched tag: line 15, column 23
[2.468s] [31mCMake Error at /opt/ros/humble/share/ament_cmake_core/cmake/core/ament_package_xml.cmake:95 (message):
[2.470s]   execute_process(/usr/bin/python3
[2.472s]   /opt/ros/humble/share/ament_cmake_core/cmake/core/package_xml_2_cmake.py
[2.473s]   /home/asdfr_cbl_08/ROS2-RELbot/src/setpoints_publisher/package.xml
[2.475s]   /home/asdfr_cbl_08/ROS2-RELbot/build/setpoints_publisher/ament_cmake_core/package.cmake)
[2.477s]   returned error code 1
[2.479s] Call Stack (most recent call first):
[2.481s]   /opt/ros/humble/share/ament_cmake_core/cmake/core/ament_package_xml.cmake:49 (_ament_package_xml)
[2.484s]   /opt/ros/humble/share/ament_lint_auto/cmake/ament_lint_auto_find_test_dependencies.cmake:31 (ament_package_xml)
[2.486s]   CMakeLists.txt:43 (ament_lint_auto_find_test_dependencies)
[2.488s] 
[2.491s] [0m
[2.494s] -- Configuring incomplete, errors occurred!
[2.495s] See also "/home/asdfr_cbl_08/ROS2-RELbot/build/setpoints_publisher/CMakeFiles/CMakeOutput.log".
[2.502s] gmake: *** [Makefile:267: cmake_check_build_system] Error 1
[2.508s] Invoked command in '/home/asdfr_cbl_08/ROS2-RELbot/build/setpoints_publisher' returned '2': /usr/bin/cmake --build /home/asdfr_cbl_08/ROS2-RELbot/build/setpoints_publisher -- -j3 -l3
