-- Found ament_cmake: 1.3.8 (/opt/ros/humble/share/ament_cmake/cmake)
-- Found rclcpp: 16.0.8 (/opt/ros/humble/share/rclcpp/cmake)
-- Found rosidl_generator_c: 3.1.5 (/opt/ros/humble/share/rosidl_generator_c/cmake)
-- Found rosidl_adapter: 3.1.5 (/opt/ros/humble/share/rosidl_adapter/cmake)
-- Found rosidl_generator_cpp: 3.1.5 (/opt/ros/humble/share/rosidl_generator_cpp/cmake)
-- Using all available rosidl_typesupport_c: rosidl_typesupport_fastrtps_c;rosidl_typesupport_introspection_c
-- Using all available rosidl_typesupport_cpp: rosidl_typesupport_fastrtps_cpp;rosidl_typesupport_introspection_cpp
-- Found rmw_implementation_cmake: 6.1.1 (/opt/ros/humble/share/rmw_implementation_cmake/cmake)
-- Found rmw_fastrtps_cpp: 6.2.6 (/opt/ros/humble/share/rmw_fastrtps_cpp/cmake)
-- Using RMW implementation 'rmw_fastrtps_cpp' as default
-- Found geometry_msgs: 4.2.3 (/opt/ros/humble/share/geometry_msgs/cmake)
-- Found custom_msgs: 0.0.0 (/home/asdfr_cbl_08/xenomia4-framework/install/custom_msgs/share/custom_msgs/cmake)
-- Found ament_lint_auto: 0.12.10 (/opt/ros/humble/share/ament_lint_auto/cmake)
-- Added test 'cppcheck' to perform static code analysis on C / C++ code
-- Configured cppcheck include dirs: $<BUILD_INTERFACE:/home/asdfr_cbl_08/ROS2-RELbot/src/setpoints_publisher/include/setpoints_publisher>
-- Configured cppcheck exclude dirs and/or files: 
-- Added test 'flake8' to check Python code syntax and style conventions
-- Added test 'lint_cmake' to check CMake code style
-- Added test 'pep257' to check Python code against some of the docstring style conventions in PEP 257
-- Added test 'uncrustify' to check C / C++ code style
-- Configured uncrustify additional arguments: 
-- Added test 'xmllint' to check XML markup files
-- Configuring done
-- Generating done
-- Build files have been written to: /home/asdfr_cbl_08/ROS2-RELbot/build/setpoints_publisher
[35m[1mConsolidate compiler generated dependencies of target setpoints_publisher[0m
[ 50%] [32mBuilding CXX object CMakeFiles/setpoints_publisher.dir/src/setpoints_publisher.cpp.o[0m
[01m[K/home/asdfr_cbl_08/ROS2-RELbot/src/setpoints_publisher/src/setpoints_publisher.cpp:[m[K In member function â€˜[01m[Kvoid SetpointsPublisher::light_pose_callback(const PointStamped&)[m[Kâ€™:
[01m[K/home/asdfr_cbl_08/ROS2-RELbot/src/setpoints_publisher/src/setpoints_publisher.cpp:18:46:[m[K [01;31m[Kerror: [m[Kâ€˜[01m[Kclass SetpointsPublisher[m[Kâ€™ has no member named â€˜[01m[Klight_pose[m[Kâ€™; did you mean â€˜[01m[Klight_pose_topic[m[Kâ€™?
   18 |   double x_difference = (double)(500 - this->[01;31m[Klight_pose[m[K.point.x); // TODO: to be changed
      |                                              [01;31m[K^~~~~~~~~~[m[K
      |                                              [32m[Klight_pose_topic[m[K
[01m[K/home/asdfr_cbl_08/ROS2-RELbot/src/setpoints_publisher/src/setpoints_publisher.cpp:23:3:[m[K [01;31m[Kerror: [m[Kâ€˜[01m[Kvel_setpoints[m[Kâ€™ was not declared in this scope
   23 |   [01;31m[Kvel_setpoints[m[K.x = right_motor_vel;
      |   [01;31m[K^~~~~~~~~~~~~[m[K
[01m[K/home/asdfr_cbl_08/ROS2-RELbot/src/setpoints_publisher/src/setpoints_publisher.cpp:16:45:[m[K [01;35m[Kwarning: [m[Kunused parameter â€˜[01m[Klight_pose[m[Kâ€™ [[01;35m[K]8;;https://gcc.gnu.org/onlinedocs/gcc/Warning-Options.html#index-Wunused-parameter-Wunused-parameter]8;;[m[K]
   16 |     [01;35m[Kconst geometry_msgs::msg::PointStamped &light_pose[m[K) {
      |     [01;35m[K~~~~~~~~~~~~~~~~~~~~~~~~~~~~~~~~~~~~~~~~^~~~~~~~~~[m[K
gmake[2]: *** [CMakeFiles/setpoints_publisher.dir/build.make:76: CMakeFiles/setpoints_publisher.dir/src/setpoints_publisher.cpp.o] Error 1
gmake[1]: *** [CMakeFiles/Makefile2:137: CMakeFiles/setpoints_publisher.dir/all] Error 2
gmake: *** [Makefile:146: all] Error 2
